#
# A fatal error has been detected by the Java Runtime Environment:
#
#  SIGSEGV (0xb) at pc=0x0000000115137976, pid=36207, tid=3587
#
# JRE version: Java(TM) SE Runtime Environment (8.0_25-b17) (build 1.8.0_25-b17)
# Java VM: Java HotSpot(TM) 64-Bit Server VM (25.25-b02 mixed mode bsd-amd64 compressed oops)
# Problematic frame:
# C  [libcrypto.1.0.0.dylib+0x1976]  CRYPTO_add_lock+0x59
#
# Failed to write core dump. Core dumps have been disabled. To enable core dumping, try "ulimit -c unlimited" before starting Java again
#
# If you would like to submit a bug report, please visit:
#   http://bugreport.sun.com/bugreport/crash.jsp
# The crash happened outside the Java Virtual Machine in native code.
# See problematic frame for where to report the bug.
#

---------------  T H R E A D  ---------------

Current thread (0x00007feaa4008800):  JavaThread "main" [_thread_in_native, id=3587, stack(0x000070000abe0000,0x000070000ace0000)]

siginfo: si_signo: 11 (SIGSEGV), si_code: 0 (unknown), si_addr: 0x0000000000000000

Registers:
RAX=0x0000000000000000, RBX=0x00000000ffffffff, RCX=0x000000000000083c, RDX=0x00000001151141ab
RSP=0x000070000acddb00, RBP=0x000070000acddb30, RSI=0x000000000000000c, RDI=0x0000000000000009
R8 =0x000000000000083c, R9 =0x000000010b40f79a, R10=0x000070000acddb60, R11=0x00000001150952c0
R12=0x000000000000000c, R13=0x600007fe59c10355, R14=0x000000000000083c, R15=0x00000001151141ab
RIP=0x0000000115137976, EFLAGS=0x0000000000010246, ERR=0x0000000000000000
  TRAPNO=0x000000000000000d

Top of Stack: (sp=0x000070000acddb00)
0x000070000acddb00:   00007feaa3c64ea0 600007fe59c102c1
0x000070000acddb10:   000070000acddcf0 000070000acddcf0
0x000070000acddb20:   0000000000000000 c5979b37aad20046
0x000070000acddb30:   000070000acddb50 00000001150ffdd7
0x000070000acddb40:   00007feaa3c64ea0 000070000acddb60
0x000070000acddb50:   000070000acddb70 00000001150c0218
0x000070000acddb60:   000070000acddb80 00007feaa3c64ea0
0x000070000acddb70:   000070000acddb90 00000001150c01df
0x000070000acddb80:   000070000acddba0 00007feaa3c64ea0
0x000070000acddb90:   000070000acddbc0 00000001150bac2f
0x000070000acddba0:   000070000acddc80 00007feaa3c64ea0
0x000070000acddbb0:   00007feaa51aba00 000000010b55d6e6
0x000070000acddbc0:   000070000acddbf0 0000000115094244
0x000070000acddbd0:   000002e3a3e16e20 7b33f1d7973d8fa0
0x000070000acddbe0:   0000000000000000 0000000111e6ce6a
0x000070000acddbf0:   000070000acddc00 00000001150952d5
0x000070000acddc00:   000070000acddc10 0000000114f02f44
0x000070000acddc10:   0000000000000000 000070000acde5c8
0x000070000acddc20:   000070000acddce0 0000000114f0250d
0x000070000acddc30:   00000000ffffffff 00000000ffffffff
0x000070000acddc40:   000070000acddc70 00000000343b541c
0x000070000acddc50:   0000000000000000 00007feaa4008800
0x000070000acddc60:   000000011209e200 0000000000000013
0x000070000acddc70:   0000000000000000 0000000000000000
0x000070000acddc80:   0000000000000000 000070000acddcf0
0x000070000acddc90:   00000000a3e16e20 0000000000000000
0x000070000acddca0:   0000000000000000 00007feaa40089e8
0x000070000acddcb0:   c5979b37aad20046 00007feaa40089e8
0x000070000acddcc0:   000070000acddcf0 000070000acddcf0
0x000070000acddcd0:   0000000000000000 0000000000000000
0x000070000acddce0:   000070000acde5b0 0000000114ef8199
0x000070000acddcf0:   000070000acddd20 000000010b6264c9 

Instructions: (pc=0x0000000115137976)
0x0000000115137956:   08 5b 41 5c 41 5d 41 5e 41 5f 5d ff e0 bf 09 00
0x0000000115137966:   00 00 44 89 e6 4c 89 fa 44 89 f1 e8 5f fb ff ff
0x0000000115137976:   41 03 5d 00 41 89 5d 00 bf 0a 00 00 00 44 89 e6
0x0000000115137986:   4c 89 fa 44 89 f1 e8 44 fb ff ff 89 d8 48 83 c4 

Register to memory mapping:

RAX=0x0000000000000000 is an unknown value
RBX=0x00000000ffffffff is an unknown value
RCX=0x000000000000083c is an unknown value
RDX=0x00000001151141ab: emutls_key_destructor+0x288b in /usr/local/opt/openssl/lib/libssl.1.0.0.dylib at 0x00000001150da000
RSP=0x000070000acddb00 is pointing into the stack for thread: 0x00007feaa4008800
RBP=0x000070000acddb30 is pointing into the stack for thread: 0x00007feaa4008800
RSI=0x000000000000000c is an unknown value
RDI=0x0000000000000009 is an unknown value
R8 =0x000000000000083c is an unknown value
R9 =0x000000010b40f79a: _ZN10Dictionary4findEijP6SymbolP15ClassLoaderData6HandleP6Thread+0x24 in /Library/Java/JavaVirtualMachines/jdk1.8.0_25.jdk/Contents/Home/jre/lib/server/libjvm.dylib at 0x000000010b1ed000
R10=0x000070000acddb60 is pointing into the stack for thread: 0x00007feaa4008800
R11=0x00000001150952c0: stop_server+0 in /Users/meganwoods/cw/bc-java-7030/esttst/build/resources/main/libestserverwrap.dylib at 0x0000000115093000
R12=0x000000000000000c is an unknown value
R13=0x600007fe59c10355 is an unknown value
R14=0x000000000000083c is an unknown value
R15=0x00000001151141ab: emutls_key_destructor+0x288b in /usr/local/opt/openssl/lib/libssl.1.0.0.dylib at 0x00000001150da000


Stack: [0x000070000abe0000,0x000070000ace0000],  sp=0x000070000acddb00,  free space=1014k
Native frames: (J=compiled Java code, j=interpreted, Vv=VM code, C=native code)
C  [libcrypto.1.0.0.dylib+0x1976]  CRYPTO_add_lock+0x59
C  [libssl.1.0.0.dylib+0x25dd7]  SSL_CTX_free+0x31
C  [libest-2.0.0p.dylib+0x14218]  free_context+0x28
C  [libest-2.0.0p.dylib+0x141df]  mg_stop+0x1f
C  [libest-2.0.0p.dylib+0xec2f]  est_server_stop+0x6f
C  [libestserverwrap.dylib+0x1244]  cleanup+0x14
C  [libestserverwrap.dylib+0x22d5]  stop_server+0x15
C  [jna3081125248922915509.tmp+0xdf44]  ffi_call_unix64+0x4c
C  0x000070000acde5c8

Java frames: (J=compiled Java code, j=interpreted, Vv=VM code)
j  com.sun.jna.Native.invokeVoid(Lcom/sun/jna/Function;JI[Ljava/lang/Object;)V+0
j  com.sun.jna.Function.invoke([Ljava/lang/Object;Ljava/lang/Class;ZI)Ljava/lang/Object;+42
j  com.sun.jna.Function.invoke(Ljava/lang/reflect/Method;[Ljava/lang/Class;Ljava/lang/Class;[Ljava/lang/Object;Ljava/util/Map;)Ljava/lang/Object;+251
j  com.sun.jna.Library$Handler.invoke(Ljava/lang/Object;Ljava/lang/reflect/Method;[Ljava/lang/Object;)Ljava/lang/Object;+344
j  com.sun.proxy.$Proxy2.stop_server()V+9
j  org.bouncycastle.esttst.ESTServerUtils.stopServer()V+25
j  org.bouncycastle.pkix.est.TestCACertsFetch.testFetchCaCertsWithCallbackAuthorizer()V+145
v  ~StubRoutines::call_stub
j  sun.reflect.NativeMethodAccessorImpl.invoke0(Ljava/lang/reflect/Method;Ljava/lang/Object;[Ljava/lang/Object;)Ljava/lang/Object;+0
j  sun.reflect.NativeMethodAccessorImpl.invoke(Ljava/lang/Object;[Ljava/lang/Object;)Ljava/lang/Object;+100
j  sun.reflect.DelegatingMethodAccessorImpl.invoke(Ljava/lang/Object;[Ljava/lang/Object;)Ljava/lang/Object;+6
j  java.lang.reflect.Method.invoke(Ljava/lang/Object;[Ljava/lang/Object;)Ljava/lang/Object;+56
j  junit.framework.TestCase.runTest()V+107
j  junit.framework.TestCase.runBare()V+7
j  junit.framework.TestResult$1.protect()V+4
j  junit.framework.TestResult.runProtected(Ljunit/framework/Test;Ljunit/framework/Protectable;)V+1
j  junit.framework.TestResult.run(Ljunit/framework/TestCase;)V+18
j  junit.framework.TestCase.run(Ljunit/framework/TestResult;)V+2
j  junit.framework.TestSuite.runTest(Ljunit/framework/Test;Ljunit/framework/TestResult;)V+2
j  junit.framework.TestSuite.run(Ljunit/framework/TestResult;)V+40
j  org.junit.internal.runners.JUnit38ClassRunner.run(Lorg/junit/runner/notification/RunNotifier;)V+22
j  org.junit.runner.JUnitCore.run(Lorg/junit/runner/Runner;)Lorg/junit/runner/Result;+37
j  com.intellij.junit4.JUnit4IdeaTestRunner.startRunnerWithArgs([Ljava/lang/String;Ljava/lang/String;IZ)I+146
j  com.intellij.rt.execution.junit.IdeaTestRunner$Repeater.startRunnerWithArgs(Lcom/intellij/rt/execution/junit/IdeaTestRunner;[Ljava/lang/String;Ljava/util/ArrayList;Ljava/lang/String;IZ)I+20
j  com.intellij.rt.execution.junit.JUnitStarter.prepareStreamsAndStart([Ljava/lang/String;Ljava/lang/String;Ljava/util/ArrayList;Ljava/lang/String;)I+116
j  com.intellij.rt.execution.junit.JUnitStarter.main([Ljava/lang/String;)V+116
v  ~StubRoutines::call_stub

---------------  P R O C E S S  ---------------

Java Threads: ( => current thread )
  0x00007feaa582a800 JavaThread "Service Thread" daemon [_thread_blocked, id=20227, stack(0x000070000bc96000,0x000070000bd96000)]
  0x00007feaa4839000 JavaThread "C1 CompilerThread2" daemon [_thread_blocked, id=19715, stack(0x000070000bb93000,0x000070000bc93000)]
  0x00007feaa4838800 JavaThread "C2 CompilerThread1" daemon [_thread_blocked, id=19203, stack(0x000070000ba90000,0x000070000bb90000)]
  0x00007feaa5083800 JavaThread "C2 CompilerThread0" daemon [_thread_blocked, id=18691, stack(0x000070000b98d000,0x000070000ba8d000)]
  0x00007feaa5821800 JavaThread "JDWP Command Reader" daemon [_thread_in_native, id=18179, stack(0x000070000b88a000,0x000070000b98a000)]
  0x00007feaa580c800 JavaThread "JDWP Event Helper Thread" daemon [_thread_blocked, id=17667, stack(0x000070000b787000,0x000070000b887000)]
  0x00007feaa5033800 JavaThread "JDWP Transport Listener: dt_socket" daemon [_thread_blocked, id=17155, stack(0x000070000b684000,0x000070000b784000)]
  0x00007feaa4834000 JavaThread "Signal Dispatcher" daemon [_thread_blocked, id=16643, stack(0x000070000b581000,0x000070000b681000)]
  0x00007feaa4025000 JavaThread "Finalizer" daemon [_thread_blocked, id=12547, stack(0x000070000b47e000,0x000070000b57e000)]
  0x00007feaa4024800 JavaThread "Reference Handler" daemon [_thread_blocked, id=12035, stack(0x000070000b37b000,0x000070000b47b000)]
=>0x00007feaa4008800 JavaThread "main" [_thread_in_native, id=3587, stack(0x000070000abe0000,0x000070000ace0000)]

Other Threads:
  0x00007feaa401f800 VMThread [stack: 0x000070000b278000,0x000070000b378000] [id=11523]
  0x00007feaa4044000 WatcherThread [stack: 0x000070000bd99000,0x000070000be99000] [id=20739]

VM state:not at safepoint (normal execution)

VM Mutex/Monitor currently owned by a thread: None

Heap:
 PSYoungGen      total 38400K, used 32080K [0x0000000795580000, 0x0000000798000000, 0x00000007c0000000)
  eden space 33280K, 96% used [0x0000000795580000,0x00000007974d4030,0x0000000797600000)
  from space 5120K, 0% used [0x0000000797b00000,0x0000000797b00000,0x0000000798000000)
  to   space 5120K, 0% used [0x0000000797600000,0x0000000797600000,0x0000000797b00000)
 ParOldGen       total 87552K, used 0K [0x0000000740000000, 0x0000000745580000, 0x0000000795580000)
  object space 87552K, 0% used [0x0000000740000000,0x0000000740000000,0x0000000745580000)
 Metaspace       used 8909K, capacity 9034K, committed 9344K, reserved 1056768K
  class space    used 1003K, capacity 1049K, committed 1152K, reserved 1048576K

Card table byte_map: [0x000000010cdc9000,0x000000010d1ca000] byte_map_base: 0x00000001093c9000

Marking Bits: (ParMarkBitMap*) 0x000000010ba8a390
 Begin Bits: [0x000000010d475000, 0x000000010f475000)
 End Bits:   [0x000000010f475000, 0x0000000111475000)

Polling page: 0x000000010c14b000

CodeCache: size=245760Kb used=3503Kb max_used=3512Kb free=242256Kb
 bounds [0x000000011aae5000, 0x000000011ae55000, 0x0000000129ae5000]
 total_blobs=1175 nmethods=851 adapters=247
 compilation: enabled

Compilation events (10 events):
Event: 0.871 Thread 0x00007feaa5083800  847       4       java.lang.ThreadLocal::get (38 bytes)
Event: 0.873 Thread 0x00007feaa4838800  848       4       java.lang.ThreadLocal$ThreadLocalMap::getEntry (42 bytes)
Event: 0.873 Thread 0x00007feaa5083800 nmethod 847 0x000000011ae54450 code [0x000000011ae545c0, 0x000000011ae54818]
Event: 0.874 Thread 0x00007feaa4838800 nmethod 848 0x000000011ae54a90 code [0x000000011ae54c00, 0x000000011ae54da8]
Event: 0.874 Thread 0x00007feaa4839000  849       3       java.lang.reflect.AccessibleObject::<init> (5 bytes)
Event: 0.874 Thread 0x00007feaa4839000 nmethod 849 0x000000011ae54090 code [0x000000011ae54200, 0x000000011ae543b0]
Event: 0.874 Thread 0x00007feaa4839000  850       1       java.util.concurrent.locks.AbstractQueuedSynchronizer::getState (5 bytes)
Event: 0.874 Thread 0x00007feaa4839000 nmethod 850 0x000000011ae53dd0 code [0x000000011ae53f20, 0x000000011ae54030]
Event: 0.876 Thread 0x00007feaa4839000  851       1       java.util.concurrent.locks.AbstractOwnableSynchronizer::getExclusiveOwnerThread (5 bytes)
Event: 0.876 Thread 0x00007feaa4839000 nmethod 851 0x000000011ae53b10 code [0x000000011ae53c60, 0x000000011ae53d70]

GC Heap History (0 events):
No events

Deoptimization events (0 events):
No events

Internal exceptions (10 events):
Event: 0.858 Thread 0x00007feaa4008800 Exception <a 'java/security/PrivilegedActionException'> (0x0000000797353b98) thrown at [/HUDSON3/workspace/8-2-build-macosx-x86_64/jdk8u25/1514/hotspot/src/share/vm/prims/jvm.cpp, line 1312]
Event: 0.860 Thread 0x00007feaa4008800 Exception <a 'java/security/PrivilegedActionException'> (0x0000000797365c08) thrown at [/HUDSON3/workspace/8-2-build-macosx-x86_64/jdk8u25/1514/hotspot/src/share/vm/prims/jvm.cpp, line 1312]
Event: 0.863 Thread 0x00007feaa4008800 Exception <a 'java/security/PrivilegedActionException'> (0x0000000797371a38) thrown at [/HUDSON3/workspace/8-2-build-macosx-x86_64/jdk8u25/1514/hotspot/src/share/vm/prims/jvm.cpp, line 1312]
Event: 0.865 Thread 0x00007feaa4008800 Exception <a 'java/security/PrivilegedActionException'> (0x0000000797380258) thrown at [/HUDSON3/workspace/8-2-build-macosx-x86_64/jdk8u25/1514/hotspot/src/share/vm/prims/jvm.cpp, line 1312]
Event: 0.867 Thread 0x00007feaa4008800 Exception <a 'java/security/PrivilegedActionException'> (0x0000000797389390) thrown at [/HUDSON3/workspace/8-2-build-macosx-x86_64/jdk8u25/1514/hotspot/src/share/vm/prims/jvm.cpp, line 1312]
Event: 0.869 Thread 0x00007feaa4008800 Exception <a 'java/security/PrivilegedActionException'> (0x0000000797394580) thrown at [/HUDSON3/workspace/8-2-build-macosx-x86_64/jdk8u25/1514/hotspot/src/share/vm/prims/jvm.cpp, line 1312]
Event: 0.870 Thread 0x00007feaa4008800 Exception <a 'java/security/PrivilegedActionException'> (0x00000007973ab1b0) thrown at [/HUDSON3/workspace/8-2-build-macosx-x86_64/jdk8u25/1514/hotspot/src/share/vm/prims/jvm.cpp, line 1312]
Event: 0.872 Thread 0x00007feaa4008800 Exception <a 'java/security/PrivilegedActionException'> (0x00000007973bd390) thrown at [/HUDSON3/workspace/8-2-build-macosx-x86_64/jdk8u25/1514/hotspot/src/share/vm/prims/jvm.cpp, line 1312]
Event: 0.875 Thread 0x00007feaa4008800 Exception <a 'java/security/PrivilegedActionException'> (0x00000007973d3350) thrown at [/HUDSON3/workspace/8-2-build-macosx-x86_64/jdk8u25/1514/hotspot/src/share/vm/prims/jvm.cpp, line 1312]
Event: 0.876 Thread 0x00007feaa4008800 Exception <a 'java/net/ConnectException'> (0x00000007973d8fa0) thrown at [/HUDSON3/workspace/8-2-build-macosx-x86_64/jdk8u25/1514/hotspot/src/share/vm/prims/jni.cpp, line 716]

Events (10 events):
Event: 0.875 Thread 0x00007feaa4008800 DEOPT PACKING pc=0x000000011accf314 sp=0x000070000acdcbd0
Event: 0.875 Thread 0x00007feaa4008800 DEOPT UNPACKING pc=0x000000011ab2c373 sp=0x000070000acdc920 mode 1
Event: 0.875 Thread 0x00007feaa4008800 DEOPT PACKING pc=0x000000011acce79c sp=0x000070000acdd6d0
Event: 0.875 Thread 0x00007feaa4008800 DEOPT UNPACKING pc=0x000000011ab2c373 sp=0x000070000acdd438 mode 1
Event: 0.875 Thread 0x00007feaa4008800 DEOPT PACKING pc=0x000000011ac7e314 sp=0x000070000acdd740
Event: 0.875 Thread 0x00007feaa4008800 DEOPT UNPACKING pc=0x000000011ab2c373 sp=0x000070000acdd580 mode 1
Event: 0.875 Thread 0x00007feaa4008800 DEOPT PACKING pc=0x000000011ac7e0b4 sp=0x000070000acdd8d0
Event: 0.875 Thread 0x00007feaa4008800 DEOPT UNPACKING pc=0x000000011ab2c373 sp=0x000070000acdd710 mode 1
Event: 0.876 loading class java/net/ConnectException
Event: 0.876 loading class java/net/ConnectException done


Dynamic libraries:
0x000000001f86e000 	/System/Library/Frameworks/Cocoa.framework/Versions/A/Cocoa
0x000000001f86e000 	/System/Library/Frameworks/Security.framework/Versions/A/Security
0x000000001f86e000 	/System/Library/Frameworks/ApplicationServices.framework/Versions/A/ApplicationServices
0x000000001f86e000 	/usr/lib/libz.1.dylib
0x000000001f86e000 	/usr/lib/libSystem.B.dylib
0x000000001f86e000 	/usr/lib/libobjc.A.dylib
0x000000001f86e000 	/System/Library/Frameworks/CoreFoundation.framework/Versions/A/CoreFoundation
0x000000001f86e000 	/System/Library/Frameworks/Foundation.framework/Versions/C/Foundation
0x000000001f86e000 	/System/Library/Frameworks/AppKit.framework/Versions/C/AppKit
0x000000001f86e000 	/System/Library/Frameworks/CoreData.framework/Versions/A/CoreData
0x000000001f86e000 	/System/Library/PrivateFrameworks/RemoteViewServices.framework/Versions/A/RemoteViewServices
0x000000001f86e000 	/System/Library/PrivateFrameworks/UIFoundation.framework/Versions/A/UIFoundation
0x000000001f86e000 	/System/Library/PrivateFrameworks/DFRFoundation.framework/Versions/A/DFRFoundation
0x000000001f86e000 	/usr/lib/libenergytrace.dylib
0x000000001f86e000 	/System/Library/PrivateFrameworks/SkyLight.framework/Versions/A/SkyLight
0x000000001f86e000 	/System/Library/Frameworks/CoreGraphics.framework/Versions/A/CoreGraphics
0x000000001f86e000 	/usr/lib/libScreenReader.dylib
0x000000001f86e000 	/System/Library/Frameworks/Accelerate.framework/Versions/A/Accelerate
0x000000001f86e000 	/System/Library/Frameworks/IOSurface.framework/Versions/A/IOSurface
0x000000001f86e000 	/System/Library/Frameworks/AudioToolbox.framework/Versions/A/AudioToolbox
0x000000001f86e000 	/System/Library/Frameworks/AudioUnit.framework/Versions/A/AudioUnit
0x000000001f86e000 	/System/Library/PrivateFrameworks/DataDetectorsCore.framework/Versions/A/DataDetectorsCore
0x000000001f86e000 	/System/Library/PrivateFrameworks/DesktopServicesPriv.framework/Versions/A/DesktopServicesPriv
0x000000001f86e000 	/System/Library/Frameworks/Carbon.framework/Versions/A/Frameworks/HIToolbox.framework/Versions/A/HIToolbox
0x000000001f86e000 	/usr/lib/libicucore.A.dylib
0x000000001f86e000 	/System/Library/Frameworks/QuartzCore.framework/Versions/A/QuartzCore
0x000000001f86e000 	/System/Library/Frameworks/Carbon.framework/Versions/A/Frameworks/SpeechRecognition.framework/Versions/A/SpeechRecognition
0x000000001f86e000 	/usr/lib/libauto.dylib
0x000000001f86e000 	/usr/lib/libxml2.2.dylib
0x000000001f86e000 	/System/Library/PrivateFrameworks/CoreUI.framework/Versions/A/CoreUI
0x000000001f86e000 	/System/Library/Frameworks/CoreAudio.framework/Versions/A/CoreAudio
0x000000001f86e000 	/System/Library/Frameworks/DiskArbitration.framework/Versions/A/DiskArbitration
0x000000001f86e000 	/usr/lib/liblangid.dylib
0x000000001f86e000 	/System/Library/PrivateFrameworks/MultitouchSupport.framework/Versions/A/MultitouchSupport
0x000000001f86e000 	/System/Library/Frameworks/IOKit.framework/Versions/A/IOKit
0x000000001f86e000 	/usr/lib/libDiagnosticMessagesClient.dylib
0x000000001f86e000 	/System/Library/Frameworks/CoreServices.framework/Versions/A/CoreServices
0x000000001f86e000 	/System/Library/PrivateFrameworks/PerformanceAnalysis.framework/Versions/A/PerformanceAnalysis
0x000000001f86e000 	/System/Library/PrivateFrameworks/GenerationalStorage.framework/Versions/A/GenerationalStorage
0x000000001f86e000 	/System/Library/Frameworks/OpenGL.framework/Versions/A/OpenGL
0x000000001f86e000 	/System/Library/Frameworks/CoreImage.framework/Versions/A/CoreImage
0x000000001f86e000 	/System/Library/Frameworks/CoreText.framework/Versions/A/CoreText
0x000000001f86e000 	/System/Library/Frameworks/ImageIO.framework/Versions/A/ImageIO
0x000000001f86e000 	/System/Library/PrivateFrameworks/Backup.framework/Versions/A/Backup
0x000000001f86e000 	/usr/lib/libarchive.2.dylib
0x000000001f86e000 	/System/Library/Frameworks/CFNetwork.framework/Versions/A/CFNetwork
0x000000001f86e000 	/System/Library/Frameworks/SystemConfiguration.framework/Versions/A/SystemConfiguration
0x000000001f86e000 	/usr/lib/libCRFSuite.dylib
0x000000001f86e000 	/usr/lib/libc++.1.dylib
0x000000001f86e000 	/usr/lib/libc++abi.dylib
0x000000001f86e000 	/usr/lib/system/libcache.dylib
0x000000001f86e000 	/usr/lib/system/libcommonCrypto.dylib
0x000000001f86e000 	/usr/lib/system/libcompiler_rt.dylib
0x000000001f86e000 	/usr/lib/system/libcopyfile.dylib
0x000000001f86e000 	/usr/lib/system/libcorecrypto.dylib
0x000000001f86e000 	/usr/lib/system/libdispatch.dylib
0x000000001f86e000 	/usr/lib/system/libdyld.dylib
0x000000001f86e000 	/usr/lib/system/libkeymgr.dylib
0x000000001f86e000 	/usr/lib/system/liblaunch.dylib
0x000000001f86e000 	/usr/lib/system/libmacho.dylib
0x000000001f86e000 	/usr/lib/system/libquarantine.dylib
0x000000001f86e000 	/usr/lib/system/libremovefile.dylib
0x000000001f86e000 	/usr/lib/system/libsystem_asl.dylib
0x000000001f86e000 	/usr/lib/system/libsystem_blocks.dylib
0x000000001f86e000 	/usr/lib/system/libsystem_c.dylib
0x000000001f86e000 	/usr/lib/system/libsystem_configuration.dylib
0x000000001f86e000 	/usr/lib/system/libsystem_coreservices.dylib
0x000000001f86e000 	/usr/lib/system/libsystem_coretls.dylib
0x000000001f86e000 	/usr/lib/system/libsystem_dnssd.dylib
0x000000001f86e000 	/usr/lib/system/libsystem_info.dylib
0x000000001f86e000 	/usr/lib/system/libsystem_kernel.dylib
0x000000001f86e000 	/usr/lib/system/libsystem_m.dylib
0x000000001f86e000 	/usr/lib/system/libsystem_malloc.dylib
0x000000001f86e000 	/usr/lib/system/libsystem_network.dylib
0x000000001f86e000 	/usr/lib/system/libsystem_networkextension.dylib
0x000000001f86e000 	/usr/lib/system/libsystem_notify.dylib
0x000000001f86e000 	/usr/lib/system/libsystem_platform.dylib
0x000000001f86e000 	/usr/lib/system/libsystem_pthread.dylib
0x000000001f86e000 	/usr/lib/system/libsystem_sandbox.dylib
0x000000001f86e000 	/usr/lib/system/libsystem_secinit.dylib
0x000000001f86e000 	/usr/lib/system/libsystem_symptoms.dylib
0x000000001f86e000 	/usr/lib/system/libsystem_trace.dylib
0x000000001f86e000 	/usr/lib/system/libunwind.dylib
0x000000001f86e000 	/usr/lib/system/libxpc.dylib
0x000000001f86e000 	/usr/lib/libbsm.0.dylib
0x000000001f86e000 	/usr/lib/system/libkxld.dylib
0x000000001f86e000 	/usr/lib/libcoretls.dylib
0x000000001f86e000 	/usr/lib/libcoretls_cfhelpers.dylib
0x000000001f86e000 	/usr/lib/libxar.1.dylib
0x000000001f86e000 	/usr/lib/libsqlite3.dylib
0x000000001f86e000 	/usr/lib/libpam.2.dylib
0x000000001f86e000 	/usr/lib/libOpenScriptingUtil.dylib
0x000000001f86e000 	/usr/lib/libbz2.1.0.dylib
0x000000001f86e000 	/usr/lib/liblzma.5.dylib
0x000000001f86e000 	/usr/lib/libnetwork.dylib
0x000000001f86e000 	/usr/lib/libpcap.A.dylib
0x000000001f86e000 	/System/Library/Frameworks/CoreServices.framework/Versions/A/Frameworks/FSEvents.framework/Versions/A/FSEvents
0x000000001f86e000 	/System/Library/Frameworks/CoreServices.framework/Versions/A/Frameworks/CarbonCore.framework/Versions/A/CarbonCore
0x000000001f86e000 	/System/Library/Frameworks/CoreServices.framework/Versions/A/Frameworks/Metadata.framework/Versions/A/Metadata
0x000000001f86e000 	/System/Library/Frameworks/CoreServices.framework/Versions/A/Frameworks/OSServices.framework/Versions/A/OSServices
0x000000001f86e000 	/System/Library/Frameworks/CoreServices.framework/Versions/A/Frameworks/SearchKit.framework/Versions/A/SearchKit
0x000000001f86e000 	/System/Library/Frameworks/CoreServices.framework/Versions/A/Frameworks/AE.framework/Versions/A/AE
0x000000001f86e000 	/System/Library/Frameworks/CoreServices.framework/Versions/A/Frameworks/LaunchServices.framework/Versions/A/LaunchServices
0x000000001f86e000 	/System/Library/Frameworks/CoreServices.framework/Versions/A/Frameworks/DictionaryServices.framework/Versions/A/DictionaryServices
0x000000001f86e000 	/System/Library/Frameworks/CoreServices.framework/Versions/A/Frameworks/SharedFileList.framework/Versions/A/SharedFileList
0x000000001f86e000 	/System/Library/Frameworks/NetFS.framework/Versions/A/NetFS
0x000000001f86e000 	/System/Library/PrivateFrameworks/NetAuth.framework/Versions/A/NetAuth
0x000000001f86e000 	/System/Library/PrivateFrameworks/login.framework/Versions/A/Frameworks/loginsupport.framework/Versions/A/loginsupport
0x000000001f86e000 	/System/Library/PrivateFrameworks/TCC.framework/Versions/A/TCC
0x000000001f86e000 	/usr/lib/libmecabra.dylib
0x000000001f86e000 	/System/Library/Frameworks/ApplicationServices.framework/Versions/A/Frameworks/ATS.framework/Versions/A/ATS
0x000000001f86e000 	/System/Library/Frameworks/ApplicationServices.framework/Versions/A/Frameworks/ColorSync.framework/Versions/A/ColorSync
0x000000001f86e000 	/System/Library/Frameworks/ApplicationServices.framework/Versions/A/Frameworks/HIServices.framework/Versions/A/HIServices
0x000000001f86e000 	/System/Library/Frameworks/ApplicationServices.framework/Versions/A/Frameworks/LangAnalysis.framework/Versions/A/LangAnalysis
0x000000001f86e000 	/System/Library/Frameworks/ApplicationServices.framework/Versions/A/Frameworks/PrintCore.framework/Versions/A/PrintCore
0x000000001f86e000 	/System/Library/Frameworks/ApplicationServices.framework/Versions/A/Frameworks/QD.framework/Versions/A/QD
0x000000001f86e000 	/System/Library/Frameworks/ApplicationServices.framework/Versions/A/Frameworks/SpeechSynthesis.framework/Versions/A/SpeechSynthesis
0x000000001f86e000 	/System/Library/Frameworks/Accelerate.framework/Versions/A/Frameworks/vImage.framework/Versions/A/vImage
0x000000001f86e000 	/System/Library/Frameworks/Accelerate.framework/Versions/A/Frameworks/vecLib.framework/Versions/A/vecLib
0x000000001f86e000 	/System/Library/Frameworks/Accelerate.framework/Versions/A/Frameworks/vecLib.framework/Versions/A/libvDSP.dylib
0x000000001f86e000 	/System/Library/Frameworks/Accelerate.framework/Versions/A/Frameworks/vecLib.framework/Versions/A/libBNNS.dylib
0x000000001f86e000 	/System/Library/Frameworks/Accelerate.framework/Versions/A/Frameworks/vecLib.framework/Versions/A/libQuadrature.dylib
0x000000001f86e000 	/System/Library/Frameworks/Accelerate.framework/Versions/A/Frameworks/vecLib.framework/Versions/A/libvMisc.dylib
0x000000001f86e000 	/System/Library/Frameworks/Accelerate.framework/Versions/A/Frameworks/vecLib.framework/Versions/A/libLAPACK.dylib
0x000000001f86e000 	/System/Library/Frameworks/Accelerate.framework/Versions/A/Frameworks/vecLib.framework/Versions/A/libBLAS.dylib
0x000000001f86e000 	/System/Library/Frameworks/Accelerate.framework/Versions/A/Frameworks/vecLib.framework/Versions/A/libLinearAlgebra.dylib
0x000000001f86e000 	/System/Library/Frameworks/Accelerate.framework/Versions/A/Frameworks/vecLib.framework/Versions/A/libSparseBLAS.dylib
0x000000001f86e000 	/System/Library/Frameworks/ApplicationServices.framework/Versions/A/Frameworks/ATS.framework/Versions/A/Resources/libFontParser.dylib
0x000000001f86e000 	/System/Library/Frameworks/ApplicationServices.framework/Versions/A/Frameworks/ATS.framework/Versions/A/Resources/libFontRegistry.dylib
0x000000001f86e000 	/System/Library/Frameworks/ImageIO.framework/Versions/A/Resources/libJPEG.dylib
0x000000001f86e000 	/System/Library/Frameworks/ImageIO.framework/Versions/A/Resources/libTIFF.dylib
0x000000001f86e000 	/System/Library/Frameworks/ImageIO.framework/Versions/A/Resources/libPng.dylib
0x000000001f86e000 	/System/Library/Frameworks/ImageIO.framework/Versions/A/Resources/libGIF.dylib
0x000000001f86e000 	/System/Library/Frameworks/ImageIO.framework/Versions/A/Resources/libJP2.dylib
0x000000001f86e000 	/System/Library/Frameworks/ImageIO.framework/Versions/A/Resources/libRadiance.dylib
0x000000001f86e000 	/usr/lib/libcompression.dylib
0x000000001f86e000 	/System/Library/PrivateFrameworks/AppleJPEG.framework/Versions/A/AppleJPEG
0x000000001f86e000 	/usr/lib/libcups.2.dylib
0x000000001f86e000 	/System/Library/Frameworks/Kerberos.framework/Versions/A/Kerberos
0x000000001f86e000 	/System/Library/Frameworks/GSS.framework/Versions/A/GSS
0x000000001f86e000 	/usr/lib/libresolv.9.dylib
0x000000001f86e000 	/usr/lib/libiconv.2.dylib
0x000000001f86e000 	/System/Library/PrivateFrameworks/Heimdal.framework/Versions/A/Heimdal
0x000000001f86e000 	/usr/lib/libheimdal-asn1.dylib
0x000000001f86e000 	/System/Library/Frameworks/OpenDirectory.framework/Versions/A/OpenDirectory
0x000000001f86e000 	/System/Library/PrivateFrameworks/CommonAuth.framework/Versions/A/CommonAuth
0x000000001f86e000 	/System/Library/Frameworks/OpenDirectory.framework/Versions/A/Frameworks/CFOpenDirectory.framework/Versions/A/CFOpenDirectory
0x000000001f86e000 	/System/Library/Frameworks/SecurityFoundation.framework/Versions/A/SecurityFoundation
0x000000001f86e000 	/System/Library/PrivateFrameworks/LanguageModeling.framework/Versions/A/LanguageModeling
0x000000001f86e000 	/usr/lib/libmarisa.dylib
0x000000001f86e000 	/usr/lib/libChineseTokenizer.dylib
0x000000001f86e000 	/usr/lib/libcmph.dylib
0x000000001f86e000 	/System/Library/PrivateFrameworks/CoreEmoji.framework/Versions/A/CoreEmoji
0x000000001f86e000 	/System/Library/Frameworks/ServiceManagement.framework/Versions/A/ServiceManagement
0x000000001f86e000 	/usr/lib/libxslt.1.dylib
0x000000001f86e000 	/System/Library/Frameworks/Carbon.framework/Versions/A/Frameworks/Ink.framework/Versions/A/Ink
0x000000001f86e000 	/System/Library/PrivateFrameworks/TextureIO.framework/Versions/A/TextureIO
0x000000001f86e000 	/System/Library/Frameworks/Metal.framework/Versions/A/Metal
0x000000001f86e000 	/usr/lib/libate.dylib
0x000000001f86e000 	/System/Library/PrivateFrameworks/GPUCompiler.framework/libmetal_timestamp.dylib
0x000000001f86e000 	/System/Library/Frameworks/OpenGL.framework/Versions/A/Libraries/libCoreFSCache.dylib
0x000000001f86e000 	/System/Library/PrivateFrameworks/IOAccelerator.framework/Versions/A/IOAccelerator
0x000000001f86e000 	/System/Library/Frameworks/CoreVideo.framework/Versions/A/CoreVideo
0x000000001f86e000 	/usr/lib/libFosl_dynamic.dylib
0x000000001f86e000 	/System/Library/PrivateFrameworks/MetalPerformanceShaders.framework/Versions/A/MetalPerformanceShaders
0x000000001f86e000 	/System/Library/PrivateFrameworks/FaceCore.framework/Versions/A/FaceCore
0x000000001f86e000 	/System/Library/Frameworks/OpenCL.framework/Versions/A/OpenCL
0x000000001f86e000 	/System/Library/Frameworks/OpenGL.framework/Versions/A/Libraries/libGLU.dylib
0x000000001f86e000 	/System/Library/Frameworks/OpenGL.framework/Versions/A/Libraries/libGFXShared.dylib
0x000000001f86e000 	/System/Library/Frameworks/OpenGL.framework/Versions/A/Libraries/libGL.dylib
0x000000001f86e000 	/System/Library/Frameworks/OpenGL.framework/Versions/A/Libraries/libGLImage.dylib
0x000000001f86e000 	/System/Library/Frameworks/OpenGL.framework/Versions/A/Libraries/libCVMSPluginSupport.dylib
0x000000001f86e000 	/System/Library/Frameworks/OpenGL.framework/Versions/A/Libraries/libCoreVMClient.dylib
0x000000001f86e000 	/System/Library/PrivateFrameworks/CrashReporterSupport.framework/Versions/A/CrashReporterSupport
0x000000001f86e000 	/System/Library/PrivateFrameworks/Sharing.framework/Versions/A/Sharing
0x000000001f86e000 	/System/Library/PrivateFrameworks/IconServices.framework/Versions/A/IconServices
0x000000001f86e000 	/System/Library/PrivateFrameworks/ProtocolBuffer.framework/Versions/A/ProtocolBuffer
0x000000001f86e000 	/System/Library/PrivateFrameworks/Apple80211.framework/Versions/A/Apple80211
0x000000001f86e000 	/System/Library/Frameworks/CoreWLAN.framework/Versions/A/CoreWLAN
0x000000001f86e000 	/System/Library/PrivateFrameworks/CoreUtils.framework/Versions/A/CoreUtils
0x000000001f86e000 	/System/Library/Frameworks/IOBluetooth.framework/Versions/A/IOBluetooth
0x000000001f86e000 	/System/Library/PrivateFrameworks/CoreWiFi.framework/Versions/A/CoreWiFi
0x000000001f86e000 	/System/Library/Frameworks/CoreBluetooth.framework/Versions/A/CoreBluetooth
0x000000001f86e000 	/System/Library/Frameworks/CoreDisplay.framework/Versions/A/CoreDisplay
0x000000001f86e000 	/System/Library/PrivateFrameworks/IOPresentment.framework/Versions/A/IOPresentment
0x000000001f86e000 	/System/Library/PrivateFrameworks/DebugSymbols.framework/Versions/A/DebugSymbols
0x000000001f86e000 	/System/Library/PrivateFrameworks/CoreSymbolication.framework/Versions/A/CoreSymbolication
0x000000001f86e000 	/System/Library/PrivateFrameworks/Symbolication.framework/Versions/A/Symbolication
0x000000001f86e000 	/System/Library/PrivateFrameworks/AppleFSCompression.framework/Versions/A/AppleFSCompression
0x000000001f86e000 	/System/Library/PrivateFrameworks/SpeechRecognitionCore.framework/Versions/A/SpeechRecognitionCore
0x000000001f86e000 	/System/Library/PrivateFrameworks/ChunkingLibrary.framework/Versions/A/ChunkingLibrary
0x000000010b1ed000 	/Library/Java/JavaVirtualMachines/jdk1.8.0_25.jdk/Contents/Home/jre/lib/server/libjvm.dylib
0x000000001f86e000 	/usr/lib/libstdc++.6.dylib
0x000000010c109000 	/Library/Java/JavaVirtualMachines/jdk1.8.0_25.jdk/Contents/Home/jre/lib/libverify.dylib
0x000000010c117000 	/Library/Java/JavaVirtualMachines/jdk1.8.0_25.jdk/Contents/Home/jre/lib/libjava.dylib
0x000000010c14c000 	/Library/Java/JavaVirtualMachines/jdk1.8.0_25.jdk/Contents/Home/jre/lib/libjdwp.dylib
0x000000010c197000 	/Library/Java/JavaVirtualMachines/jdk1.8.0_25.jdk/Contents/Home/jre/lib/libnpt.dylib
0x000000010c19b000 	/Library/Java/JavaVirtualMachines/jdk1.8.0_25.jdk/Contents/Home/jre/lib/libinstrument.dylib
0x000000010ca00000 	/Library/Java/JavaVirtualMachines/jdk1.8.0_25.jdk/Contents/Home/jre/lib/libzip.dylib
0x0000000113340000 	/System/Library/Frameworks/JavaVM.framework/Frameworks/JavaRuntimeSupport.framework/JavaRuntimeSupport
0x000000011335a000 	/System/Library/Frameworks/JavaVM.framework/Versions/A/Frameworks/JavaNativeFoundation.framework/Versions/A/JavaNativeFoundation
0x000000011336f000 	/System/Library/Frameworks/JavaVM.framework/Versions/A/JavaVM
0x000000001f86e000 	/System/Library/Frameworks/Carbon.framework/Versions/A/Carbon
0x000000011337c000 	/System/Library/PrivateFrameworks/JavaLaunching.framework/Versions/A/JavaLaunching
0x000000001f86e000 	/System/Library/Frameworks/Carbon.framework/Versions/A/Frameworks/CommonPanels.framework/Versions/A/CommonPanels
0x000000001f86e000 	/System/Library/Frameworks/Carbon.framework/Versions/A/Frameworks/Help.framework/Versions/A/Help
0x000000001f86e000 	/System/Library/Frameworks/Carbon.framework/Versions/A/Frameworks/ImageCapture.framework/Versions/A/ImageCapture
0x000000001f86e000 	/System/Library/Frameworks/Carbon.framework/Versions/A/Frameworks/OpenScripting.framework/Versions/A/OpenScripting
0x000000001f86e000 	/System/Library/Frameworks/Carbon.framework/Versions/A/Frameworks/Print.framework/Versions/A/Print
0x000000001f86e000 	/System/Library/Frameworks/Carbon.framework/Versions/A/Frameworks/SecurityHI.framework/Versions/A/SecurityHI
0x0000000114c84000 	/Library/Java/JavaVirtualMachines/jdk1.8.0_25.jdk/Contents/Home/jre/lib/libdt_socket.dylib
0x0000000114ef5000 	/private/var/folders/dk/dhmpt9ts4ylfqywy01_83whw0000gn/T/jna-462461610/jna3081125248922915509.tmp
0x0000000115093000 	/Users/meganwoods/cw/bc-java-7030/esttst/build/resources/main/libestserverwrap.dylib
0x00000001150ac000 	/usr/local/est/lib/libest-2.0.0p.dylib
0x00000001150da000 	/usr/local/opt/openssl/lib/libssl.1.0.0.dylib
0x0000000115136000 	/usr/local/opt/openssl/lib/libcrypto.1.0.0.dylib
0x0000000115323000 	/Library/Java/JavaVirtualMachines/jdk1.8.0_25.jdk/Contents/Home/jre/lib/libsunec.dylib
0x000000011534b000 	/Library/Java/JavaVirtualMachines/jdk1.8.0_25.jdk/Contents/Home/jre/lib/libnet.dylib

VM Arguments:
jvm_args: -agentlib:jdwp=transport=dt_socket,address=127.0.0.1:60935,suspend=y,server=n -ea -javaagent:/Users/meganwoods/Library/Caches/IntelliJIdea2016.3/groovyHotSwap/gragent.jar -Dfile.encoding=UTF-8 
java_command: com.intellij.rt.execution.junit.JUnitStarter -ideVersion5 org.bouncycastle.pkix.est.TestCACertsFetch
java_class_path (initial): /Applications/IntelliJ IDEA.app/Contents/lib/idea_rt.jar:/Applications/IntelliJ IDEA.app/Contents/plugins/junit/lib/junit-rt.jar:/Library/Java/JavaVirtualMachines/jdk1.8.0_25.jdk/Contents/Home/lib/ant-javafx.jar:/Library/Java/JavaVirtualMachines/jdk1.8.0_25.jdk/Contents/Home/lib/dt.jar:/Library/Java/JavaVirtualMachines/jdk1.8.0_25.jdk/Contents/Home/lib/javafx-mx.jar:/Library/Java/JavaVirtualMachines/jdk1.8.0_25.jdk/Contents/Home/lib/jconsole.jar:/Library/Java/JavaVirtualMachines/jdk1.8.0_25.jdk/Contents/Home/lib/sa-jdi.jar:/Library/Java/JavaVirtualMachines/jdk1.8.0_25.jdk/Contents/Home/lib/tools.jar:/Library/Java/JavaVirtualMachines/jdk1.8.0_25.jdk/Contents/Home/jre/lib/charsets.jar:/Library/Java/JavaVirtualMachines/jdk1.8.0_25.jdk/Contents/Home/jre/lib/deploy.jar:/Library/Java/JavaVirtualMachines/jdk1.8.0_25.jdk/Contents/Home/jre/lib/javaws.jar:/Library/Java/JavaVirtualMachines/jdk1.8.0_25.jdk/Contents/Home/jre/lib/jce.jar:/Library/Java/JavaVirtualMachines/jdk1.8.0_25.jdk/Contents/Home/jre/lib/jfr.jar:/Library/Java/JavaVirtualMachines/jdk1.8.0_25.jdk/Contents/Home/jre/lib/jfxswt.jar:/Library/Java/JavaVirtualMachines/jdk1.8.0_25.jdk/Contents/Home/jre/lib/jsse.jar:/Library/Java/JavaVirtualMachines/jdk1.8.0_25.jdk/Contents/Home/jre/lib/management-agent.jar:/Library/Java/JavaVirtualMachines/jdk1.8.0_25.jdk/Contents/Home/jre/lib/plugin.jar:/Library/Java/JavaVirtualMachines/jdk1.8.0_25.jdk/Contents/Home/jre/lib/resources.jar:/Library/Java/JavaVirtualMachines/jdk1.8.0_25.jdk/Contents/Home/jre/lib/rt.jar:/Library/Java/JavaVirtualMachines/jdk1.8.0_25.jdk/Contents/Home/jre/lib/ext/cldrdata.jar:/Library/Java/JavaVirtualMachines/jdk1.8.0_25.jdk/Contents/Home/jre/lib/ext/dnsns.jar:/Library/Java/JavaVirtualMachines/jdk1.8.0_25.jdk/Contents/Home/jre/lib/ext/jfxrt.jar:/Library/Java/JavaVirtualMachines/jdk1.8.0_25.jdk/Contents/Home/jre/lib/ext/localedata.jar:/Library/Java/JavaVirtualMachines/jdk1.8.0_25.jdk/Contents/Home/jre/lib/ext/nashorn.jar:/Library
Launcher Type: SUN_STANDARD

Environment Variables:
PATH=/usr/local/heroku/bin:/usr/local/bin:/usr/bin:/bin:/usr/sbin:/sbin:/usr/local/go/bin:/Library/Frameworks/Mono.framework/Versions/Current/Commands:/Users/meganwoods/bin:/usr/local/go/bin:/Users/meganwoods/gradle/gradle-3.0/bin:/Applications/Postgres.app/Contents/Versions/latest/bin:/Users/meganwoods/scala/default/bin/:/Users/meganwoods/scala/sbt/default/bin/:/Users/meganwoods/gotools/bin:/Users/meganwoods/maven/apache-maven-3.3.3/bin://Users/meganwoods/protobuf/protoc-3.0.0/bin:/usr/local/mysql/bin:/usr/local/Cellar/imagemagick/6.9.1-1/bin:/Users/meganwoods/depot_tools/depot_tools
SHELL=/bin/bash

Signal Handlers:
SIGSEGV: [libjvm.dylib+0x579dc7], sa_mask[0]=11111111011111110111111111111111, sa_flags=SA_ONSTACK|SA_RESTART|SA_SIGINFO
SIGBUS: [libjvm.dylib+0x579dc7], sa_mask[0]=11111111011111110111111111111111, sa_flags=SA_RESTART|SA_SIGINFO
SIGFPE: [libjvm.dylib+0x45b030], sa_mask[0]=11111111011111110111111111111111, sa_flags=SA_RESTART|SA_SIGINFO
SIGPIPE: SIG_IGN, sa_mask[0]=00000000000000000000000000000000, sa_flags=none
SIGXFSZ: [libjvm.dylib+0x45b030], sa_mask[0]=11111111011111110111111111111111, sa_flags=SA_RESTART|SA_SIGINFO
SIGILL: [libjvm.dylib+0x45b030], sa_mask[0]=11111111011111110111111111111111, sa_flags=SA_RESTART|SA_SIGINFO
SIGUSR1: SIG_DFL, sa_mask[0]=00000000000000000000000000000000, sa_flags=none
SIGUSR2: [libjvm.dylib+0x45ab4e], sa_mask[0]=00100000000000000000000000000000, sa_flags=SA_RESTART|SA_SIGINFO
SIGHUP: [libjvm.dylib+0x459121], sa_mask[0]=11111111011111110111111111111111, sa_flags=SA_RESTART|SA_SIGINFO
SIGINT: [libestserverwrap.dylib+0xb630], sa_mask[0]=00000000000000000000000000000000, sa_flags=none
SIGTERM: [libjvm.dylib+0x459121], sa_mask[0]=11111111011111110111111111111111, sa_flags=SA_RESTART|SA_SIGINFO
SIGQUIT: [libjvm.dylib+0x459121], sa_mask[0]=11111111011111110111111111111111, sa_flags=SA_RESTART|SA_SIGINFO


---------------  S Y S T E M  ---------------

OS:Bsduname:Darwin 16.3.0 Darwin Kernel Version 16.3.0: Thu Nov 17 20:23:58 PST 2016; root:xnu-3789.31.2~1/RELEASE_X86_64 x86_64
rlimit: STACK 8192k, CORE 0k, NPROC 2048, NOFILE 10240, AS infinity
load average:1.62 1.72 1.69

CPU:total 4 (4 cores per cpu, 1 threads per core) family 6 model 60 stepping 3, cmov, cx8, fxsr, mmx, sse, sse2, sse3, ssse3, sse4.1, sse4.2, popcnt, avx, avx2, aes, clmul, erms, rtm, lzcnt, tsc, tscinvbit, bmi1, bmi2

Memory: 4k page, physical 8388608k(73476k free)

/proc/meminfo:


vm_info: Java HotSpot(TM) 64-Bit Server VM (25.25-b02) for bsd-amd64 JRE (1.8.0_25-b17), built on Sep 17 2014 16:56:50 by "java_re" with gcc 4.2.1 (Based on Apple Inc. build 5658) (LLVM build 2336.11.00)

time: Fri Jan 27 11:43:36 2017
elapsed time: 0 seconds (0d 0h 0m 0s)

